[18:18:17] [Server thread/INFO]: Starting minecraft server version 1.8.8
[18:18:17] [Server thread/INFO]: Loading properties
[18:18:17] [Server thread/INFO]: Default game type: SURVIVAL
[18:18:18] [Server thread/INFO]: This server is running CraftBukkit version git-PaperSpigot-445 (MC: 1.8.8) (Implementing API version 1.8.8-R0.1-SNAPSHOT)
[18:18:18] [Server thread/INFO]: Unable to find file banned-players.json, creating it.
[18:18:18] [Server thread/INFO]: Unable to find file banned-ips.json, creating it.
[18:18:18] [Server thread/INFO]: Unable to find file ops.json, creating it.
[18:18:18] [Server thread/INFO]: Unable to find file whitelist.json, creating it.
[18:18:18] [Server thread/INFO]: Debug logging is disabled
[18:18:18] [Server thread/INFO]: Spigot Timings: true - Verbose: true - Interval: 5m - Length: 60m
[18:18:18] [Server thread/INFO]: Server Ping Player Sample Count: 12

[18:18:18] [Server thread/INFO]: Using 4 threads for Netty based IO
[18:18:18] [Server thread/INFO]: Data value allowed items: 
[18:18:18] [Server thread/WARN]: java.lang.NoSuchFieldException: modifiers

[18:18:18] [Server thread/WARN]: 	at java.base/java.lang.Class.getDeclaredField(Class.java:2782)

[18:18:18] [Server thread/WARN]: 	at org.github.paperspigot.PaperSpigotConfig.stackableBuckets(PaperSpigotConfig.java:192)

[18:18:18] [Server thread/WARN]: 	at java.base/jdk.internal.reflect.DirectMethodHandleAccessor.invoke(DirectMethodHandleAccessor.java:103)

[18:18:18] [Server thread/WARN]: 	at java.base/java.lang.reflect.Method.invoke(Method.java:580)

[18:18:18] [Server thread/WARN]: 	at org.github.paperspigot.PaperSpigotConfig.readConfig(PaperSpigotConfig.java:84)

[18:18:18] [Server thread/WARN]: 	at org.github.paperspigot.PaperSpigotConfig.init(PaperSpigotConfig.java:62)

[18:18:18] [Server thread/WARN]: 	at net.minecraft.server.v1_8_R3.DedicatedServer.init(DedicatedServer.java:181)

[18:18:18] [Server thread/WARN]: 	at net.minecraft.server.v1_8_R3.MinecraftServer.run(MinecraftServer.java:563)

[18:18:18] [Server thread/WARN]: 	at java.base/java.lang.Thread.run(Thread.java:1583)

[18:18:18] [Server thread/INFO]: Generating keypair
[18:18:18] [Server thread/INFO]: Starting Minecraft server on localhost:25565
[18:18:18] [Server thread/INFO]: Your platform does not provide complete low-level API for accessing direct buffers reliably. Unless explicitly requested, heap buffer will always be preferred to avoid potential system unstability.
[18:18:18] [Server thread/INFO]: Using default channel type
[18:18:19] [Server thread/INFO]: Set PluginClassLoader as parallel capable
[18:18:19] [Server thread/INFO]: [SimpleTpa] Loading SimpleTpa v6.4
[18:18:19] [Server thread/INFO]: [SimpleHomes] Loading SimpleHomes v2.2
[18:18:19] [Server thread/INFO]: [WorldEdit] Loading WorldEdit v6.1;no_git_id
[18:18:19] [Server thread/INFO]: [LoginSecurity] Loading LoginSecurity v3.2.0
[18:18:19] [Server thread/WARN]: **** SERVER IS RUNNING IN OFFLINE/INSECURE MODE!
[18:18:19] [Server thread/WARN]: The server will make no attempt to authenticate usernames. Beware.
[18:18:19] [Server thread/WARN]: Whilst this makes it possible to use BungeeCord, unless access to your server is properly restricted, it also opens up the ability for hackers to connect with any username they choose.
[18:18:19] [Server thread/WARN]: Please see http://www.spigotmc.org/wiki/firewall-guide/ for further information.
[18:18:19] [Server thread/WARN]: To change this, set "online-mode" to "true" in the server.properties file.
[18:18:19] [Server thread/INFO]: **** Beginning UUID conversion, this may take A LONG time ****
[18:18:19] [Server thread/INFO]: Preparing level "world"
[18:18:19] [Server thread/INFO]: -------- World Settings For [world] --------
[18:18:19] [Server thread/INFO]: Mob Spawn Range: 4
[18:18:19] [Server thread/INFO]: Anti X-Ray: true
[18:18:19] [Server thread/INFO]: 	Engine Mode: 1
[18:18:19] [Server thread/INFO]: 	Hidden Blocks: [14, 15, 16, 21, 48, 49, 54, 56, 73, 74, 82, 129, 130]
[18:18:19] [Server thread/INFO]: 	Replace Blocks: [1, 5]
[18:18:19] [Server thread/INFO]: Nerfing mobs spawned from spawners: false
[18:18:19] [Server thread/INFO]: Cactus Growth Modifier: 100%
[18:18:19] [Server thread/INFO]: Cane Growth Modifier: 100%
[18:18:19] [Server thread/INFO]: Melon Growth Modifier: 100%
[18:18:19] [Server thread/INFO]: Mushroom Growth Modifier: 100%
[18:18:19] [Server thread/INFO]: Pumpkin Growth Modifier: 100%
[18:18:19] [Server thread/INFO]: Sapling Growth Modifier: 100%
[18:18:19] [Server thread/INFO]: Wheat Growth Modifier: 100%
[18:18:19] [Server thread/INFO]: NetherWart Growth Modifier: 100%
[18:18:19] [Server thread/INFO]: Entity Activation Range: An 32 / Mo 32 / Mi 16
[18:18:19] [Server thread/INFO]: Entity Tracking Range: Pl 48 / An 48 / Mo 48 / Mi 32 / Other 64
[18:18:19] [Server thread/INFO]: Hopper Transfer: 8 Hopper Check: 8 Hopper Amount: 1
[18:18:19] [Server thread/INFO]: Random Lighting Updates: false
[18:18:19] [Server thread/INFO]: Structure Info Saving: true
[18:18:19] [Server thread/INFO]: Sending up to 10 chunks per packet
[18:18:19] [Server thread/INFO]: Max Entity Collisions: 8
[18:18:19] [Server thread/INFO]: Custom Map Seeds:  Village: 10387312 Feature: 14357617
[18:18:19] [Server thread/INFO]: Max TNT Explosions: 100
[18:18:19] [Server thread/INFO]: Tile Max Tick Time: 50ms Entity max Tick Time: 50ms
[18:18:19] [Server thread/INFO]: Item Despawn Rate: 6000
[18:18:19] [Server thread/INFO]: Item Merge Radius: 2.5
[18:18:19] [Server thread/INFO]: Arrow Despawn Rate: 1200
[18:18:19] [Server thread/INFO]: View Distance: 4
[18:18:19] [Server thread/INFO]: Allow Zombie Pigmen to spawn from portal blocks: true
[18:18:19] [Server thread/INFO]: Zombie Aggressive Towards Villager: true
[18:18:19] [Server thread/INFO]: Chunks to Grow per Tick: 650
[18:18:19] [Server thread/INFO]: Clear tick list: false
[18:18:19] [Server thread/INFO]: Experience Merge Radius: 3.0
[18:18:19] [Server thread/INFO]: -------- World Settings For [world] --------
[18:18:19] [Server thread/INFO]: Squids will spawn between Y: 45.0 and Y: 63.0
[18:18:19] [Server thread/INFO]: Max height for cactus growth 3. Max height for reed growth 3
[18:18:19] [Server thread/INFO]: Living Entity Despawn Ranges:  Soft: 32 Hard: 128
[18:18:19] [Server thread/INFO]: Player blocking damage multiplier set to 0.5
[18:18:19] [Server thread/INFO]: Remove invalid mob spawner tile entities: true
[18:18:19] [Server thread/INFO]: Water over lava flow speed: 5
[18:18:19] [Server thread/INFO]: Fix TNT cannons: false
[18:18:19] [Server thread/INFO]: Allow undead horse types to be leashed: false
[18:18:19] [Server thread/INFO]: Keep spawn chunk loaded: true
[18:18:19] [Server thread/INFO]: World async lighting: false
[18:18:19] [Server thread/INFO]: WorldServer TickNextTick cap set at 10000
[18:18:19] [Server thread/INFO]: WorldServer TickNextTickList cap always processes redstone: false
[18:18:20] [Server thread/INFO]: -------- World Settings For [world_nether] --------
[18:18:20] [Server thread/INFO]: Mob Spawn Range: 4
[18:18:20] [Server thread/INFO]: Anti X-Ray: true
[18:18:20] [Server thread/INFO]: 	Engine Mode: 1
[18:18:20] [Server thread/INFO]: 	Hidden Blocks: [14, 15, 16, 21, 48, 49, 54, 56, 73, 74, 82, 129, 130]
[18:18:20] [Server thread/INFO]: 	Replace Blocks: [1, 5]
[18:18:20] [Server thread/INFO]: Nerfing mobs spawned from spawners: false
[18:18:20] [Server thread/INFO]: Cactus Growth Modifier: 100%
[18:18:20] [Server thread/INFO]: Cane Growth Modifier: 100%
[18:18:20] [Server thread/INFO]: Melon Growth Modifier: 100%
[18:18:20] [Server thread/INFO]: Mushroom Growth Modifier: 100%
[18:18:20] [Server thread/INFO]: Pumpkin Growth Modifier: 100%
[18:18:20] [Server thread/INFO]: Sapling Growth Modifier: 100%
[18:18:20] [Server thread/INFO]: Wheat Growth Modifier: 100%
[18:18:20] [Server thread/INFO]: NetherWart Growth Modifier: 100%
[18:18:20] [Server thread/INFO]: Entity Activation Range: An 32 / Mo 32 / Mi 16
[18:18:20] [Server thread/INFO]: Entity Tracking Range: Pl 48 / An 48 / Mo 48 / Mi 32 / Other 64
[18:18:20] [Server thread/INFO]: Hopper Transfer: 8 Hopper Check: 8 Hopper Amount: 1
[18:18:20] [Server thread/INFO]: Random Lighting Updates: false
[18:18:20] [Server thread/INFO]: Structure Info Saving: true
[18:18:20] [Server thread/INFO]: Sending up to 10 chunks per packet
[18:18:20] [Server thread/INFO]: Max Entity Collisions: 8
[18:18:20] [Server thread/INFO]: Custom Map Seeds:  Village: 10387312 Feature: 14357617
[18:18:20] [Server thread/INFO]: Max TNT Explosions: 100
[18:18:20] [Server thread/INFO]: Tile Max Tick Time: 50ms Entity max Tick Time: 50ms
[18:18:20] [Server thread/INFO]: Item Despawn Rate: 6000
[18:18:20] [Server thread/INFO]: Item Merge Radius: 2.5
[18:18:20] [Server thread/INFO]: Arrow Despawn Rate: 1200
[18:18:20] [Server thread/INFO]: View Distance: 4
[18:18:20] [Server thread/INFO]: Allow Zombie Pigmen to spawn from portal blocks: true
[18:18:20] [Server thread/INFO]: Zombie Aggressive Towards Villager: true
[18:18:20] [Server thread/INFO]: Chunks to Grow per Tick: 650
[18:18:20] [Server thread/INFO]: Clear tick list: false
[18:18:20] [Server thread/INFO]: Experience Merge Radius: 3.0
[18:18:20] [Server thread/INFO]: -------- World Settings For [world_nether] --------
[18:18:20] [Server thread/INFO]: Squids will spawn between Y: 45.0 and Y: 63.0
[18:18:20] [Server thread/INFO]: Max height for cactus growth 3. Max height for reed growth 3
[18:18:20] [Server thread/INFO]: Living Entity Despawn Ranges:  Soft: 32 Hard: 128
[18:18:20] [Server thread/INFO]: Player blocking damage multiplier set to 0.5
[18:18:20] [Server thread/INFO]: Remove invalid mob spawner tile entities: true
[18:18:20] [Server thread/INFO]: Water over lava flow speed: 5
[18:18:20] [Server thread/INFO]: Fix TNT cannons: false
[18:18:20] [Server thread/INFO]: Allow undead horse types to be leashed: false
[18:18:20] [Server thread/INFO]: Keep spawn chunk loaded: true
[18:18:20] [Server thread/INFO]: World async lighting: false
[18:18:20] [Server thread/INFO]: WorldServer TickNextTick cap set at 10000
[18:18:20] [Server thread/INFO]: WorldServer TickNextTickList cap always processes redstone: false
[18:18:20] [Server thread/INFO]: -------- World Settings For [world_the_end] --------
[18:18:20] [Server thread/INFO]: Mob Spawn Range: 4
[18:18:20] [Server thread/INFO]: Anti X-Ray: true
[18:18:20] [Server thread/INFO]: 	Engine Mode: 1
[18:18:20] [Server thread/INFO]: 	Hidden Blocks: [14, 15, 16, 21, 48, 49, 54, 56, 73, 74, 82, 129, 130]
[18:18:20] [Server thread/INFO]: 	Replace Blocks: [1, 5]
[18:18:20] [Server thread/INFO]: Nerfing mobs spawned from spawners: false
[18:18:20] [Server thread/INFO]: Cactus Growth Modifier: 100%
[18:18:20] [Server thread/INFO]: Cane Growth Modifier: 100%
[18:18:20] [Server thread/INFO]: Melon Growth Modifier: 100%
[18:18:20] [Server thread/INFO]: Mushroom Growth Modifier: 100%
[18:18:20] [Server thread/INFO]: Pumpkin Growth Modifier: 100%
[18:18:20] [Server thread/INFO]: Sapling Growth Modifier: 100%
[18:18:20] [Server thread/INFO]: Wheat Growth Modifier: 100%
[18:18:20] [Server thread/INFO]: NetherWart Growth Modifier: 100%
[18:18:20] [Server thread/INFO]: Entity Activation Range: An 32 / Mo 32 / Mi 16
[18:18:20] [Server thread/INFO]: Entity Tracking Range: Pl 48 / An 48 / Mo 48 / Mi 32 / Other 64
[18:18:20] [Server thread/INFO]: Hopper Transfer: 8 Hopper Check: 8 Hopper Amount: 1
[18:18:20] [Server thread/INFO]: Random Lighting Updates: false
[18:18:20] [Server thread/INFO]: Structure Info Saving: true
[18:18:20] [Server thread/INFO]: Sending up to 10 chunks per packet
[18:18:20] [Server thread/INFO]: Max Entity Collisions: 8
[18:18:20] [Server thread/INFO]: Custom Map Seeds:  Village: 10387312 Feature: 14357617
[18:18:20] [Server thread/INFO]: Max TNT Explosions: 100
[18:18:20] [Server thread/INFO]: Tile Max Tick Time: 50ms Entity max Tick Time: 50ms
[18:18:20] [Server thread/INFO]: Item Despawn Rate: 6000
[18:18:20] [Server thread/INFO]: Item Merge Radius: 2.5
[18:18:20] [Server thread/INFO]: Arrow Despawn Rate: 1200
[18:18:20] [Server thread/INFO]: View Distance: 4
[18:18:20] [Server thread/INFO]: Allow Zombie Pigmen to spawn from portal blocks: true
[18:18:20] [Server thread/INFO]: Zombie Aggressive Towards Villager: true
[18:18:20] [Server thread/INFO]: Chunks to Grow per Tick: 650
[18:18:20] [Server thread/INFO]: Clear tick list: false
[18:18:20] [Server thread/INFO]: Experience Merge Radius: 3.0
[18:18:20] [Server thread/INFO]: -------- World Settings For [world_the_end] --------
[18:18:20] [Server thread/INFO]: Squids will spawn between Y: 45.0 and Y: 63.0
[18:18:20] [Server thread/INFO]: Max height for cactus growth 3. Max height for reed growth 3
[18:18:20] [Server thread/INFO]: Living Entity Despawn Ranges:  Soft: 32 Hard: 128
[18:18:20] [Server thread/INFO]: Player blocking damage multiplier set to 0.5
[18:18:20] [Server thread/INFO]: Remove invalid mob spawner tile entities: true
[18:18:20] [Server thread/INFO]: Water over lava flow speed: 5
[18:18:20] [Server thread/INFO]: Fix TNT cannons: false
[18:18:20] [Server thread/INFO]: Allow undead horse types to be leashed: false
[18:18:20] [Server thread/INFO]: Keep spawn chunk loaded: true
[18:18:20] [Server thread/INFO]: World async lighting: false
[18:18:20] [Server thread/INFO]: WorldServer TickNextTick cap set at 10000
[18:18:20] [Server thread/INFO]: WorldServer TickNextTickList cap always processes redstone: false
[18:18:20] [Server thread/INFO]: Preparing start region for level 0 (Seed: -6149852977870720734)
[18:18:21] [Server thread/INFO]: Preparing spawn area: 9%
[18:18:22] [Server thread/INFO]: Preparing spawn area: 15%
[18:18:23] [Server thread/INFO]: Preparing spawn area: 24%
[18:18:24] [Server thread/INFO]: Preparing spawn area: 38%
[18:18:25] [Server thread/INFO]: Preparing spawn area: 45%
[18:18:26] [Server thread/INFO]: Preparing spawn area: 54%
[18:18:27] [Server thread/INFO]: Preparing spawn area: 68%
[18:18:28] [Server thread/INFO]: Preparing spawn area: 83%
[18:18:29] [Server thread/INFO]: Preparing start region for level 1 (Seed: -6149852977870720734)
[18:18:30] [Server thread/INFO]: Preparing spawn area: 14%
[18:18:31] [Server thread/INFO]: Preparing spawn area: 34%
[18:18:32] [Server thread/INFO]: Preparing spawn area: 51%
[18:18:33] [Server thread/INFO]: Preparing spawn area: 62%
[18:18:34] [Server thread/INFO]: Preparing spawn area: 70%
[18:18:35] [Server thread/INFO]: Preparing spawn area: 83%
[18:18:35] [Server thread/INFO]: Preparing start region for level 2 (Seed: -6149852977870720734)
[18:18:36] [Server thread/INFO]: Preparing spawn area: 72%
[18:18:37] [Server thread/INFO]: [SimpleTpa] Enabling SimpleTpa v6.4
[18:18:37] [Server thread/INFO]: [0;33;1m[21m[SimpleTpa] If you need support contact me at https://discord.gg/SZUkza9[m

[18:18:37] [Server thread/INFO]: [0;33;1m[21m[SimpleTpa] Simple Tpa has been enabled on version 6.4[m

[18:18:37] [Server thread/INFO]: Enabled metrics. You may opt-out by changing plugins/bStats/config.yml
[18:18:37] [Server thread/INFO]: [SimpleHomes] Enabling SimpleHomes v2.2
[18:18:37] [Server thread/INFO]: [WorldEdit] Enabling WorldEdit v6.1;no_git_id
[18:18:37] [Server thread/INFO]: WEPIF: Updated config file
[18:18:37] [Server thread/INFO]: WEPIF: Using the Bukkit Permissions API.
[18:18:37] [Server thread/INFO]: [WorldEdit] Using com.sk89q.worldedit.bukkit.adapter.impl.Spigot_v1_8_R3 as the Bukkit adapter
[18:18:37] [Server thread/INFO]: [LoginSecurity] Enabling LoginSecurity v3.2.0
[18:18:37] [Server thread/INFO]: [LoginSecurity] Loading base translations from "en_us"
[18:18:37] [Server thread/INFO]: [LoginSecurity] Loading specified translations from "en_us"
[18:18:37] [Server thread/INFO]: [LoginSecurity] Registering commands...
[18:18:37] [Server thread/INFO]: [LoginSecurity] Registering listeners...
[18:18:37] [Server thread/INFO]: Done (18.763s)! For help, type "help" or "?"
[18:18:37] [Server thread/INFO]: Timings Reset
[18:18:38] [Craft Scheduler Thread - 0/INFO]: [0;31;1m[21m[SimpleTpa] There is a new update available.[m

[18:18:38] [Craft Scheduler Thread - 0/INFO]: [0;31;1m[SimpleTpa] There is a new update available:[m

[18:18:38] [Craft Scheduler Thread - 0/INFO]: [0;31;1m[SimpleTpa] https://www.spigotmc.org/resources/simple-tpa.64270/[m

[18:22:36] [Thread-7/INFO]: UUID of player EaglerYee195 is c523da48-1642-32ca-85bb-263881ab0475
[18:22:36] [Server thread/INFO]: EaglerYee195[/[0:0:0:0:0:0:0:1]:55884] logged in with entity id 1459 at ([world]426.5, 65.0, -169.5)
[18:23:06] [Server thread/INFO]: EaglerYee195 lost connection: Login timed out!
[18:23:06] [Server thread/INFO]: EaglerYee195 left the game.
[18:23:06] [Server thread/WARN]: handleDisconnection() called twice
[18:23:11] [Thread-8/INFO]: UUID of player EaglerYee195 is c523da48-1642-32ca-85bb-263881ab0475
[18:23:11] [Server thread/INFO]: EaglerYee195[/[0:0:0:0:0:0:0:1]:49114] logged in with entity id 1556 at ([world]426.5, 65.0, -169.5)
[18:26:11] [Server thread/INFO]: EaglerYee195 lost connection: Disconnected
[18:26:11] [Server thread/INFO]: EaglerYee195 left the game.
